<?xml version="1.0" encoding="UTF-8"?>
<!-- Generated by org.testng.reporters.JUnitReportReporter -->
<testsuite hostname="DESKTOP-6DKNH69" failures="0" tests="1" name="fortrainingapp.runners.Runner" time="21.024" errors="0" timestamp="03 Apr 2023 08:58:43 GMT" skipped="0">
  <testcase classname="fortrainingapp.runners.Runner" name="feature" time="21.024"/>
</testsuite> <!-- fortrainingapp.runners.Runner -->
