<?xml version="1.0" encoding="UTF-8"?>
<!-- Generated by org.testng.reporters.JUnitReportReporter -->
<testsuite hostname="DESKTOP-6DKNH69" failures="0" tests="1" name="fortrainingapp.runners.Runner" time="19.953" errors="0" timestamp="03 Apr 2023 08:59:49 GMT" skipped="0">
  <testcase classname="fortrainingapp.runners.Runner" name="feature" time="19.953"/>
</testsuite> <!-- fortrainingapp.runners.Runner -->
